<?xml version="1.0" encoding="UTF-8"?>
<testng-results ignored="0" total="1" passed="1" failed="0" skipped="0">
  <reporter-output>
  </reporter-output>
  <suite started-at="2025-01-24T12:54:07 IST" name="Default suite" finished-at="2025-01-24T12:54:20 IST" duration-ms="12876">
    <groups>
      <group name="cucumber">
        <method signature="AbstractTestNGCucumberTests.runScenario(io.cucumber.testng.PickleWrapper,io.cucumber.testng.FeatureWrapper)[pri:0, instance:RunnerClass.GuruRunnerClass@2e385cce]" name="runScenario" class="io.cucumber.testng.AbstractTestNGCucumberTests"/>
      </group> <!-- cucumber -->
    </groups>
    <test started-at="2025-01-24T12:54:07 IST" name="Default test" finished-at="2025-01-24T12:54:20 IST" duration-ms="12876">
      <class name="RunnerClass.GuruRunnerClass">
        <test-method is-config="true" signature="setUpClass(org.testng.ITestContext)[pri:0, instance:RunnerClass.GuruRunnerClass@2e385cce]" started-at="2025-01-24T12:54:07 IST" name="setUpClass" finished-at="2025-01-24T12:54:08 IST" duration-ms="790" status="PASS">
          <params>
            <param index="0">
              <value>
                <![CDATA[org.testng.TestRunner@67b7c170]]>
              </value>
            </param>
          </params>
          <reporter-output>
          </reporter-output>
        </test-method> <!-- setUpClass -->
        <test-method signature="runScenario(io.cucumber.testng.PickleWrapper,io.cucumber.testng.FeatureWrapper)[pri:0, instance:RunnerClass.GuruRunnerClass@2e385cce]" started-at="2025-01-24T12:54:08 IST" name="runScenario" description="Runs Cucumber Scenarios" data-provider="scenarios" finished-at="2025-01-24T12:54:20 IST" duration-ms="11994" status="PASS">
          <params>
            <param index="0">
              <value>
                <![CDATA["Validate Registration Functionality"]]>
              </value>
            </param>
            <param index="1">
              <value>
                <![CDATA["Guru99 Application"]]>
              </value>
            </param>
          </params>
          <reporter-output>
          </reporter-output>
        </test-method> <!-- runScenario -->
        <test-method is-config="true" signature="tearDownClass()[pri:0, instance:RunnerClass.GuruRunnerClass@2e385cce]" started-at="2025-01-24T12:54:20 IST" name="tearDownClass" finished-at="2025-01-24T12:54:20 IST" duration-ms="3" status="PASS">
          <reporter-output>
          </reporter-output>
        </test-method> <!-- tearDownClass -->
      </class> <!-- RunnerClass.GuruRunnerClass -->
    </test> <!-- Default test -->
  </suite> <!-- Default suite -->
</testng-results>
