<?xml version="1.0" encoding="UTF-8"?>
<testng-results ignored="0" total="4" passed="4" failed="0" skipped="0">
  <reporter-output>
  </reporter-output>
  <suite started-at="2025-01-24T14:04:03 IST" name="Default suite" finished-at="2025-01-24T14:04:15 IST" duration-ms="12047">
    <groups>
      <group name="cucumber">
        <method signature="AbstractTestNGCucumberTests.runScenario(io.cucumber.testng.PickleWrapper,io.cucumber.testng.FeatureWrapper)[pri:0, instance:RunnerClass.GuruRunnerClass@2e385cce]" name="runScenario" class="io.cucumber.testng.AbstractTestNGCucumberTests"/>
      </group> <!-- cucumber -->
    </groups>
    <test started-at="2025-01-24T14:04:03 IST" name="Default test" finished-at="2025-01-24T14:04:15 IST" duration-ms="12047">
      <class name="RunnerClass.GuruRunnerClass">
        <test-method is-config="true" signature="setUpClass(org.testng.ITestContext)[pri:0, instance:RunnerClass.GuruRunnerClass@2e385cce]" started-at="2025-01-24T14:04:03 IST" name="setUpClass" finished-at="2025-01-24T14:04:04 IST" duration-ms="613" status="PASS">
          <params>
            <param index="0">
              <value>
                <![CDATA[org.testng.TestRunner@16872c4d]]>
              </value>
            </param>
          </params>
          <reporter-output>
          </reporter-output>
        </test-method> <!-- setUpClass -->
        <test-method signature="runScenario(io.cucumber.testng.PickleWrapper,io.cucumber.testng.FeatureWrapper)[pri:0, instance:RunnerClass.GuruRunnerClass@2e385cce]" started-at="2025-01-24T14:04:04 IST" name="runScenario" description="Runs Cucumber Scenarios" data-provider="scenarios" finished-at="2025-01-24T14:04:13 IST" duration-ms="8972" status="PASS">
          <params>
            <param index="0">
              <value>
                <![CDATA["Validate Registration Functionality"]]>
              </value>
            </param>
            <param index="1">
              <value>
                <![CDATA["Guru99 Application"]]>
              </value>
            </param>
          </params>
          <reporter-output>
          </reporter-output>
        </test-method> <!-- runScenario -->
        <test-method signature="runScenario(io.cucumber.testng.PickleWrapper,io.cucumber.testng.FeatureWrapper)[pri:0, instance:RunnerClass.GuruRunnerClass@2e385cce]" started-at="2025-01-24T14:04:13 IST" name="runScenario" description="Runs Cucumber Scenarios" data-provider="scenarios" finished-at="2025-01-24T14:04:14 IST" duration-ms="1411" status="PASS">
          <params>
            <param index="0">
              <value>
                <![CDATA["Validate FirstName and LastName Functionality"]]>
              </value>
            </param>
            <param index="1">
              <value>
                <![CDATA["Guru99 Application"]]>
              </value>
            </param>
          </params>
          <reporter-output>
          </reporter-output>
        </test-method> <!-- runScenario -->
        <test-method signature="runScenario(io.cucumber.testng.PickleWrapper,io.cucumber.testng.FeatureWrapper)[pri:0, instance:RunnerClass.GuruRunnerClass@2e385cce]" started-at="2025-01-24T14:04:14 IST" name="runScenario" description="Runs Cucumber Scenarios" data-provider="scenarios" finished-at="2025-01-24T14:04:15 IST" duration-ms="295" status="PASS">
          <params>
            <param index="0">
              <value>
                <![CDATA["Validate Phone and Email functionality"]]>
              </value>
            </param>
            <param index="1">
              <value>
                <![CDATA["Guru99 Application"]]>
              </value>
            </param>
          </params>
          <reporter-output>
          </reporter-output>
        </test-method> <!-- runScenario -->
        <test-method signature="runScenario(io.cucumber.testng.PickleWrapper,io.cucumber.testng.FeatureWrapper)[pri:0, instance:RunnerClass.GuruRunnerClass@2e385cce]" started-at="2025-01-24T14:04:15 IST" name="runScenario" description="Runs Cucumber Scenarios" data-provider="scenarios" finished-at="2025-01-24T14:04:15 IST" duration-ms="685" status="PASS">
          <params>
            <param index="0">
              <value>
                <![CDATA["Validate Mailing Information Functionality"]]>
              </value>
            </param>
            <param index="1">
              <value>
                <![CDATA["Guru99 Application"]]>
              </value>
            </param>
          </params>
          <reporter-output>
          </reporter-output>
        </test-method> <!-- runScenario -->
        <test-method is-config="true" signature="tearDownClass()[pri:0, instance:RunnerClass.GuruRunnerClass@2e385cce]" started-at="2025-01-24T14:04:15 IST" name="tearDownClass" finished-at="2025-01-24T14:04:15 IST" duration-ms="1" status="PASS">
          <reporter-output>
          </reporter-output>
        </test-method> <!-- tearDownClass -->
      </class> <!-- RunnerClass.GuruRunnerClass -->
    </test> <!-- Default test -->
  </suite> <!-- Default suite -->
</testng-results>
