<?xml version="1.0" encoding="UTF-8"?>
<testng-results ignored="0" total="2" passed="2" failed="0" skipped="0">
  <reporter-output>
  </reporter-output>
  <suite started-at="2025-01-24T13:19:13 IST" name="Default suite" finished-at="2025-01-24T13:19:21 IST" duration-ms="8288">
    <groups>
      <group name="cucumber">
        <method signature="AbstractTestNGCucumberTests.runScenario(io.cucumber.testng.PickleWrapper,io.cucumber.testng.FeatureWrapper)[pri:0, instance:RunnerClass.GuruRunnerClass@1e800aaa]" name="runScenario" class="io.cucumber.testng.AbstractTestNGCucumberTests"/>
      </group> <!-- cucumber -->
    </groups>
    <test started-at="2025-01-24T13:19:13 IST" name="Default test" finished-at="2025-01-24T13:19:21 IST" duration-ms="8288">
      <class name="RunnerClass.GuruRunnerClass">
        <test-method is-config="true" signature="setUpClass(org.testng.ITestContext)[pri:0, instance:RunnerClass.GuruRunnerClass@1e800aaa]" started-at="2025-01-24T13:19:13 IST" name="setUpClass" finished-at="2025-01-24T13:19:13 IST" duration-ms="461" status="PASS">
          <params>
            <param index="0">
              <value>
                <![CDATA[org.testng.TestRunner@2d746ce4]]>
              </value>
            </param>
          </params>
          <reporter-output>
          </reporter-output>
        </test-method> <!-- setUpClass -->
        <test-method signature="runScenario(io.cucumber.testng.PickleWrapper,io.cucumber.testng.FeatureWrapper)[pri:0, instance:RunnerClass.GuruRunnerClass@1e800aaa]" started-at="2025-01-24T13:19:13 IST" name="runScenario" description="Runs Cucumber Scenarios" data-provider="scenarios" finished-at="2025-01-24T13:19:19 IST" duration-ms="5797" status="PASS">
          <params>
            <param index="0">
              <value>
                <![CDATA["Validate Registration Functionality"]]>
              </value>
            </param>
            <param index="1">
              <value>
                <![CDATA["Guru99 Application"]]>
              </value>
            </param>
          </params>
          <reporter-output>
          </reporter-output>
        </test-method> <!-- runScenario -->
        <test-method signature="runScenario(io.cucumber.testng.PickleWrapper,io.cucumber.testng.FeatureWrapper)[pri:0, instance:RunnerClass.GuruRunnerClass@1e800aaa]" started-at="2025-01-24T13:19:19 IST" name="runScenario" description="Runs Cucumber Scenarios" data-provider="scenarios" finished-at="2025-01-24T13:19:21 IST" duration-ms="1944" status="PASS">
          <params>
            <param index="0">
              <value>
                <![CDATA["Validate FirstName and LastName Functionality"]]>
              </value>
            </param>
            <param index="1">
              <value>
                <![CDATA["Guru99 Application"]]>
              </value>
            </param>
          </params>
          <reporter-output>
          </reporter-output>
        </test-method> <!-- runScenario -->
        <test-method is-config="true" signature="tearDownClass()[pri:0, instance:RunnerClass.GuruRunnerClass@1e800aaa]" started-at="2025-01-24T13:19:21 IST" name="tearDownClass" finished-at="2025-01-24T13:19:21 IST" duration-ms="4" status="PASS">
          <reporter-output>
          </reporter-output>
        </test-method> <!-- tearDownClass -->
      </class> <!-- RunnerClass.GuruRunnerClass -->
    </test> <!-- Default test -->
  </suite> <!-- Default suite -->
</testng-results>
